<?xml version="1.0" encoding="UTF-8"?>
<testng-results ignored="0" total="1" passed="1" failed="0" skipped="0">
  <reporter-output>
  </reporter-output>
  <suite started-at="2024-09-03T21:15:53 GMT+01:00" name="Suite" finished-at="2024-09-03T21:15:53 GMT+01:00" duration-ms="46">
    <groups>
    </groups>
    <test started-at="2024-09-03T21:15:53 GMT+01:00" name="Test" finished-at="2024-09-03T21:15:53 GMT+01:00" duration-ms="46">
      <class name="gitTest3Pac.GitTest3Class">
        <test-method signature="test1()[pri:0, instance:gitTest3Pac.GitTest3Class@26d9b808]" started-at="2024-09-03T21:15:53 GMT+01:00" name="test1" finished-at="2024-09-03T21:15:53 GMT+01:00" duration-ms="11" status="PASS">
          <reporter-output>
          </reporter-output>
        </test-method> <!-- test1 -->
      </class> <!-- gitTest3Pac.GitTest3Class -->
    </test> <!-- Test -->
  </suite> <!-- Suite -->
</testng-results>
